
Showing logs for build [32mcb-kubecd-environment-pr-208-14-zpklt-1[0m stage [32mfrom-build-pack[0m and container [32mstep-credential-initializer-7hqj5[0m
{"level":"info","ts":1587633442.3193066,"logger":"fallback-logger","caller":"logging/config.go:69","msg":"Fetch GitHub commit ID from kodata failed: open /var/run/ko/refs/heads/0.8.0-ns-support: no such file or directory"}
{"level":"info","ts":1587633442.3200958,"logger":"fallback-logger","caller":"creds-init/main.go:40","msg":"Credentials initialized."}

Showing logs for build [32mcb-kubecd-environment-pr-208-14-zpklt-1[0m stage [32mfrom-build-pack[0m and container [32mstep-working-dir-initializer-9q95r[0m
{"level":"info","ts":1587633443.3331938,"logger":"fallback-logger","caller":"logging/config.go:69","msg":"Fetch GitHub commit ID from kodata failed: open /var/run/ko/HEAD: no such file or directory"}
{"level":"info","ts":1587633443.3349168,"logger":"fallback-logger","caller":"bash/main.go:64","msg":"Successfully executed command \"sh -c mkdir -p /workspace/source\"; output "}

Showing logs for build [32mcb-kubecd-environment-pr-208-14-zpklt-1[0m stage [32mfrom-build-pack[0m and container [32mstep-place-tools[0m

Showing logs for build [32mcb-kubecd-environment-pr-208-14-zpklt-1[0m stage [32mfrom-build-pack[0m and container [32mstep-git-source-cb-kubecd-environment-pr-208-14-zpklt-b6s58[0m
{"level":"info","ts":1587633470.438599,"logger":"fallback-logger","caller":"logging/config.go:69","msg":"Fetch GitHub commit ID from kodata failed: open /var/run/ko/refs/heads/0.8.0-ns-support: no such file or directory"}
{"level":"info","ts":1587633471.5248153,"logger":"fallback-logger","caller":"git/git.go:103","msg":"Successfully cloned https://github.com/cb-kubecd/environment-pr-208-14-boot-vault-gke-production.git @ master in path /workspace/source"}

Showing logs for build [32mcb-kubecd-environment-pr-208-14-zpklt-1[0m stage [32mfrom-build-pack[0m and container [32mstep-git-merge[0m
Using SHAs from PULL_REFS=master:de6cf6c3a9dc44fd4ec6644d3de57a2e4852f716,1:b7447a59d87036e7cc658847bc9a9f015a25cb2f
DEBUG: LC_ALL=C JX_LOG_LEVEL=error git fetch origin --unshallow b7447a59d87036e7cc658847bc9a9f015a25cb2f: de6cf6c3a9dc44fd4ec6644d3de57a2e4852f716:
DEBUG: ran git fetch --unshallow origin b7447a59d87036e7cc658847bc9a9f015a25cb2f: de6cf6c3a9dc44fd4ec6644d3de57a2e4852f716: in 
DEBUG: LC_ALL=C JX_LOG_LEVEL=error git branch
DEBUG: LC_ALL=C JX_LOG_LEVEL=error git checkout master
DEBUG: ran git checkout master in 
DEBUG: LC_ALL=C JX_LOG_LEVEL=error git reset --hard de6cf6c3a9dc44fd4ec6644d3de57a2e4852f716
DEBUG: ran git reset --hard de6cf6c3a9dc44fd4ec6644d3de57a2e4852f716 in 
DEBUG: LC_ALL=C JX_LOG_LEVEL=error git clean -fd .
DEBUG: ran clean --force -d . in 
DEBUG: LC_ALL=C JX_LOG_LEVEL=error git merge b7447a59d87036e7cc658847bc9a9f015a25cb2f
DEBUG: ran git merge b7447a59d87036e7cc658847bc9a9f015a25cb2f in 
DEBUG: LC_ALL=C JX_LOG_LEVEL=error git log --format=%H%x1f%an%x1f%ae%x1f%cn%x1f%ce%x1f%s%n%b%x1e de6cf6c3a9dc44fd4ec6644d3de57a2e4852f716..HEAD
Merged SHA b7447a59d87036e7cc658847bc9a9f015a25cb2f with commit message 'chore: Promote bdd-spring-1587631799 to version 0.0.1' into base branch master

Showing logs for build [32mcb-kubecd-environment-pr-208-14-zpklt-1[0m stage [32mfrom-build-pack[0m and container [32mstep-build-helm-build[0m
WARNING: No $CHART_REPOSITORY defined so using the default value of: http://jenkins-x-chartmuseum:8080
Adding missing Helm repo: storage.googleapis.com https://storage.googleapis.com/chartmuseum.jenkins-x.io
WARNING: No secrets found on "helm/repos" due: reading the secret "helm/repos" from vault: no secret "helm/repos" not found in vault
Read credentials for https://storage.googleapis.com/chartmuseum.jenkins-x.io from vault helm/repos
Successfully added Helm repository storage.googleapis.com.
Adding missing Helm repo: jenkins-x-chartmuseum http://jenkins-x-chartmuseum:8080
WARNING: No secrets found on "helm/repos" due: reading the secret "helm/repos" from vault: no secret "helm/repos" not found in vault
Read credentials for http://jenkins-x-chartmuseum:8080 from vault helm/repos
Successfully added Helm repository jenkins-x-chartmuseum.
WARNING: No $CHART_REPOSITORY defined so using the default value of: http://jenkins-x-chartmuseum:8080
Adding missing Helm repo: chartmuseum.jenkins-x.io http://chartmuseum.jenkins-x.io
WARNING: No secrets found on "helm/repos" due: reading the secret "helm/repos" from vault: no secret "helm/repos" not found in vault
Read credentials for http://chartmuseum.jenkins-x.io from vault helm/repos
Successfully added Helm repository chartmuseum.jenkins-x.io.
